Build started 11/25/2016 8:45:17 PM.
     1>Project "E:\Projects\SmartDiskCleaner\SmartDiskCleanerCpp\SmartDiskCleanerCpp.vcxproj" on node 2 (Build target(s)).
     1>ClCompile:
         C:\Program Files (x86)\Microsoft Visual Studio 12.0\VC\bin\CL.exe /c /IE:\Projects\SmartDiskCleaner\SmartDiskCleanerLib /IE:\Libs\SQLiteCpp\include /IE:\Libs\SQLiteCpp\sqlite3 /IE:\Projects\SmartDiskCleaner\Core /IE:\Projects\SmartDiskCleaner\DatabaseFacade /IE:\Projects\SmartDiskCleaner\FilesystemFacade /IE:\Projects\SmartDiskCleaner\SmartDiskCleanerLib /IE:\Projects\SmartDiskCleaner\Utilities /IE:\Libs\boost_1_62_0 /Zi /nologo /W4 /WX /O2 /Oi /Oy- /GL /D WIN32 /D NDEBUG /D _CONSOLE /D _LIB /D _UNICODE /D UNICODE /Gm- /EHsc /MD /GS /Gy /fp:precise /Zc:wchar_t /Zc:forScope /Fo"Release\\" /Fd"Release\vc120.pdb" /Gd /TP /analyze- /errorReport:prompt ..\DatabaseFacade\DatabaseFacade.cpp ..\FilesystemFacade\FileSearcher.cpp ..\SmartDiskCleanerLib\SmartDiskCleanerApi.cpp ..\Utilities\StringConversion.cpp main.cpp
         DatabaseFacade.cpp
         FileSearcher.cpp
         SmartDiskCleanerApi.cpp
         StringConversion.cpp
         main.cpp
       Link:
         C:\Program Files (x86)\Microsoft Visual Studio 12.0\VC\bin\link.exe /ERRORREPORT:PROMPT /OUT:"E:\Projects\SmartDiskCleaner\SmartDiskCleanerCpp\Release\SmartDiskCleanerCli.exe" /INCREMENTAL:NO /NOLOGO /LIBPATH:E:\Libs\SQLiteCpp\lib\Release /LIBPATH:E:\Libs\boost_1_62_0\stage\lib kernel32.lib user32.lib gdi32.lib winspool.lib comdlg32.lib advapi32.lib shell32.lib ole32.lib oleaut32.lib uuid.lib odbc32.lib odbccp32.lib SQLiteCpp.lib SQLiteCpp.lib kernel32.lib user32.lib gdi32.lib winspool.lib comdlg32.lib advapi32.lib shell32.lib ole32.lib oleaut32.lib uuid.lib odbc32.lib odbccp32.lib kernel32.lib user32.lib gdi32.lib winspool.lib comdlg32.lib advapi32.lib shell32.lib ole32.lib oleaut32.lib uuid.lib odbc32.lib odbccp32.lib /MANIFEST /MANIFESTUAC:"level='requireAdministrator' uiAccess='false'" /manifest:embed /DEBUG /PDB:"E:\Projects\SmartDiskCleaner\SmartDiskCleanerCpp\Release\SmartDiskCleanerCli.pdb" /SUBSYSTEM:CONSOLE /OPT:REF /OPT:ICF /LTCG /TLBID:1 /DYNAMICBASE /NXCOMPAT /IMPLIB:"E:\Projects\SmartDiskCleaner\SmartDiskCleanerCpp\Release\SmartDiskCleanerCli.lib" /MACHINE:X86 /SAFESEH Release\DatabaseFacade.obj
         Release\FileSearcher.obj
         Release\SmartDiskCleanerApi.obj
         Release\StringConversion.obj
         Release\main.obj
         Generating code
         Finished generating code
         SmartDiskCleanerCpp.vcxproj -> E:\Projects\SmartDiskCleaner\SmartDiskCleanerCpp\Release\SmartDiskCleanerCli.exe
     1>Done Building Project "E:\Projects\SmartDiskCleaner\SmartDiskCleanerCpp\SmartDiskCleanerCpp.vcxproj" (Build target(s)).

Build succeeded.

Time Elapsed 00:00:19.66
